19:13:33; 12/11/11; mouse goes off drawpanel; at 144 of InternalDrawFrame--	java.lang.NullPointerException; null
19:13:33; 12/11/11; mouse goes off drawpanel; at 144 of InternalDrawFrame--	java.lang.NullPointerException; null
19:13:34; 12/11/11; mouse goes off drawpanel; at 144 of InternalDrawFrame--	java.lang.NullPointerException; null
19:13:34; 12/11/11; mouse goes off drawpanel; at 144 of InternalDrawFrame--	java.lang.NullPointerException; null
19:13:34; 12/11/11; mouse goes off drawpanel; at 144 of InternalDrawFrame--	java.lang.NullPointerException; null
19:13:34; 12/11/11; mouse goes off drawpanel; at 144 of InternalDrawFrame--	java.lang.NullPointerException; null
19:13:34; 12/11/11; mouse goes off drawpanel; at 144 of InternalDrawFrame--	java.lang.NullPointerException; null
19:13:34; 12/11/11; mouse goes off drawpanel; at 144 of InternalDrawFrame--	java.lang.NullPointerException; null
19:13:34; 12/11/11; mouse goes off drawpanel; at 144 of InternalDrawFrame--	java.lang.NullPointerException; null
19:13:34; 12/11/11; mouse goes off drawpanel; at 144 of InternalDrawFrame--	java.lang.NullPointerException; null
19:13:34; 12/11/11; mouse goes off drawpanel; at 144 of InternalDrawFrame--	java.lang.NullPointerException; null
19:13:34; 12/11/11; mouse goes off drawpanel; at 144 of InternalDrawFrame--	java.lang.NullPointerException; null
19:13:34; 12/11/11; mouse goes off drawpanel; at 144 of InternalDrawFrame--	java.lang.NullPointerException; null
19:13:34; 12/11/11; mouse goes off drawpanel; at 144 of InternalDrawFrame--	java.lang.NullPointerException; null
19:13:34; 12/11/11; mouse goes off drawpanel; at 144 of InternalDrawFrame--	java.lang.NullPointerException; null
19:13:34; 12/11/11; mouse goes off drawpanel; at 144 of InternalDrawFrame--	java.lang.NullPointerException; null
19:13:34; 12/11/11; mouse goes off drawpanel; at 144 of InternalDrawFrame--	java.lang.NullPointerException; null
19:13:34; 12/11/11; mouse goes off drawpanel; at 144 of InternalDrawFrame--	java.lang.NullPointerException; null
19:13:34; 12/11/11; mouse goes off drawpanel; at 144 of InternalDrawFrame--	java.lang.NullPointerException; null
19:13:34; 12/11/11; mouse goes off drawpanel; at 144 of InternalDrawFrame--	java.lang.NullPointerException; null
19:13:34; 12/11/11; mouse goes off drawpanel; at 144 of InternalDrawFrame--	java.lang.NullPointerException; null
19:13:36; 12/11/11; mouse goes off drawpanel; at 144 of InternalDrawFrame--	java.lang.NullPointerException; null
19:13:36; 12/11/11; mouse goes off drawpanel; at 144 of InternalDrawFrame--	java.lang.NullPointerException; null
19:13:36; 12/11/11; mouse goes off drawpanel; at 144 of InternalDrawFrame--	java.lang.NullPointerException; null
19:13:36; 12/11/11; mouse goes off drawpanel; at 144 of InternalDrawFrame--	java.lang.NullPointerException; null
19:13:36; 12/11/11; mouse goes off drawpanel; at 144 of InternalDrawFrame--	java.lang.NullPointerException; null
19:13:36; 12/11/11; mouse goes off drawpanel; at 144 of InternalDrawFrame--	java.lang.NullPointerException; null
19:15:21; 12/11/11; mouse goes off drawpanel; at line 144 of InternalDrawFrame--	java.lang.NullPointerException; null
19:15:21; 12/11/11; mouse goes off drawpanel; at line 144 of InternalDrawFrame--	java.lang.NullPointerException; null
19:15:21; 12/11/11; mouse goes off drawpanel; at line 144 of InternalDrawFrame--	java.lang.NullPointerException; null
19:15:21; 12/11/11; mouse goes off drawpanel; at line 144 of InternalDrawFrame--	java.lang.NullPointerException; null
19:15:21; 12/11/11; mouse goes off drawpanel; at line 144 of InternalDrawFrame--	java.lang.NullPointerException; null
19:15:21; 12/11/11; mouse goes off drawpanel; at line 144 of InternalDrawFrame--	java.lang.NullPointerException; null
19:15:21; 12/11/11; mouse goes off drawpanel; at line 144 of InternalDrawFrame--	java.lang.NullPointerException; null
19:15:21; 12/11/11; mouse goes off drawpanel; at line 144 of InternalDrawFrame--	java.lang.NullPointerException; null
19:15:21; 12/11/11; mouse goes off drawpanel; at line 144 of InternalDrawFrame--	java.lang.NullPointerException; null
19:15:21; 12/11/11; mouse goes off drawpanel; at line 144 of InternalDrawFrame--	java.lang.NullPointerException; null
19:15:21; 12/11/11; mouse goes off drawpanel; at line 144 of InternalDrawFrame--	java.lang.NullPointerException; null
19:15:21; 12/11/11; mouse goes off drawpanel; at line 144 of InternalDrawFrame--	java.lang.NullPointerException; null
19:15:21; 12/11/11; mouse goes off drawpanel; at line 144 of InternalDrawFrame--	java.lang.NullPointerException; null
19:15:21; 12/11/11; mouse goes off drawpanel; at line 144 of InternalDrawFrame--	java.lang.NullPointerException; null
19:15:21; 12/11/11; mouse goes off drawpanel; at line 144 of InternalDrawFrame--	java.lang.NullPointerException; null
19:15:21; 12/11/11; mouse goes off drawpanel; at line 144 of InternalDrawFrame--	java.lang.NullPointerException; null
19:15:21; 12/11/11; mouse goes off drawpanel; at line 144 of InternalDrawFrame--	java.lang.NullPointerException; null
19:15:21; 12/11/11; mouse goes off drawpanel; at line 144 of InternalDrawFrame--	java.lang.NullPointerException; null
19:15:21; 12/11/11; mouse goes off drawpanel; at line 144 of InternalDrawFrame--	java.lang.NullPointerException; null
19:15:21; 12/11/11; mouse goes off drawpanel; at line 144 of InternalDrawFrame--	java.lang.NullPointerException; null
19:15:21; 12/11/11; mouse goes off drawpanel; at line 144 of InternalDrawFrame--	java.lang.NullPointerException; null
19:15:21; 12/11/11; mouse goes off drawpanel; at line 144 of InternalDrawFrame--	java.lang.NullPointerException; null
19:15:21; 12/11/11; mouse goes off drawpanel; at line 144 of InternalDrawFrame--	java.lang.NullPointerException; null
19:15:22; 12/11/11; mouse goes off drawpanel; at line 144 of InternalDrawFrame--	java.lang.NullPointerException; null
19:15:22; 12/11/11; mouse goes off drawpanel; at line 144 of InternalDrawFrame--	java.lang.NullPointerException; null
19:15:22; 12/11/11; mouse goes off drawpanel; at line 144 of InternalDrawFrame--	java.lang.NullPointerException; null
19:15:22; 12/11/11; mouse goes off drawpanel; at line 144 of InternalDrawFrame--	java.lang.NullPointerException; null
19:15:22; 12/11/11; mouse goes off drawpanel; at line 144 of InternalDrawFrame--	java.lang.NullPointerException; null
19:15:22; 12/11/11; mouse goes off drawpanel; at line 144 of InternalDrawFrame--	java.lang.NullPointerException; null
14:13:17; 13/11/11; mouse goes off drawpanel; at line 144 of InternalDrawFrame--	java.lang.NullPointerException; null
14:13:17; 13/11/11; mouse goes off drawpanel; at line 144 of InternalDrawFrame--	java.lang.NullPointerException; null
14:13:17; 13/11/11; mouse goes off drawpanel; at line 144 of InternalDrawFrame--	java.lang.NullPointerException; null
14:13:17; 13/11/11; mouse goes off drawpanel; at line 144 of InternalDrawFrame--	java.lang.NullPointerException; null
14:13:17; 13/11/11; mouse goes off drawpanel; at line 144 of InternalDrawFrame--	java.lang.NullPointerException; null
14:13:17; 13/11/11; mouse goes off drawpanel; at line 144 of InternalDrawFrame--	java.lang.NullPointerException; null
14:13:17; 13/11/11; mouse goes off drawpanel; at line 144 of InternalDrawFrame--	java.lang.NullPointerException; null
14:13:17; 13/11/11; mouse goes off drawpanel; at line 144 of InternalDrawFrame--	java.lang.NullPointerException; null
14:13:17; 13/11/11; mouse goes off drawpanel; at line 144 of InternalDrawFrame--	java.lang.NullPointerException; null
14:13:18; 13/11/11; mouse goes off drawpanel; at line 144 of InternalDrawFrame--	java.lang.NullPointerException; null
14:13:18; 13/11/11; mouse goes off drawpanel; at line 144 of InternalDrawFrame--	java.lang.NullPointerException; null
14:13:18; 13/11/11; mouse goes off drawpanel; at line 144 of InternalDrawFrame--	java.lang.NullPointerException; null
14:13:18; 13/11/11; mouse goes off drawpanel; at line 144 of InternalDrawFrame--	java.lang.NullPointerException; null
14:13:18; 13/11/11; mouse goes off drawpanel; at line 144 of InternalDrawFrame--	java.lang.NullPointerException; nul
10:4:42; 22/11/11; mouse goes off drawpanel; at line 144 of InternalDrawFrame--	java.lang.NullPointerException; null
10:4:43; 22/11/11; mouse goes off drawpanel; at line 144 of InternalDrawFrame--	java.lang.NullPointerException; null
10:4:43; 22/11/11; mouse goes off drawpanel; at line 144 of InternalDrawFrame--	java.lang.NullPointerException; null
10:4:57; 22/11/11; mouse goes off drawpanel; at line 144 of InternalDrawFrame--	java.lang.NullPointerException; null
10:4:57; 22/11/11; mouse goes off drawpanel; at line 144 of InternalDrawFrame--	java.lang.NullPointerException; null
10:4:57; 22/11/11; mouse goes off drawpanel; at line 144 of InternalDrawFrame--	java.lang.NullPointerException; null
10:4:57; 22/11/11; mouse goes off drawpanel; at line 144 of InternalDrawFrame--	java.lang.NullPointerException; null
10:4:58; 22/11/11; mouse goes off drawpanel; at line 144 of InternalDrawFrame--	java.lang.NullPointerException; null
10:4:58; 22/11/11; mouse goes off drawpanel; at line 144 of InternalDrawFrame--	java.lang.NullPointerException; null
10:12:13; 22/11/11; mouse goes off drawpanel; at line 144 of InternalDrawFrame--	java.lang.NullPointerException; null
10:12:13; 22/11/11; mouse goes off drawpanel; at line 144 of InternalDrawFrame--	java.lang.NullPointerException; null
10:16:27; 22/11/11; mouse goes off drawpanel; at line 144 of InternalDrawFrame--	java.lang.NullPointerException; null
10:16:44; 22/11/11; mouse goes off drawpanel; at line 144 of InternalDrawFrame--	java.lang.NullPointerException; null
10:16:44; 22/11/11; mouse goes off drawpanel; at line 144 of InternalDrawFrame--	java.lang.NullPointerException; null
10:16:44; 22/11/11; mouse goes off drawpanel; at line 144 of InternalDrawFrame--	java.lang.NullPointerException; null
10:19:51; 22/11/11; mouse goes off drawpanel; at line 144 of InternalDrawFrame--	java.lang.NullPointerException; null
10:19:51; 22/11/11; mouse goes off drawpanel; at line 144 of InternalDrawFrame--	java.lang.NullPointerException; null
10:22:50; 22/11/11; mouse goes off drawpanel; at line 144 of InternalDrawFrame--	java.lang.NullPointerException; null
10:22:50; 22/11/11; mouse goes off drawpanel; at line 144 of InternalDrawFrame--	java.lang.NullPointerException; null
10:22:50; 22/11/11; mouse goes off drawpanel; at line 144 of InternalDrawFrame--	java.lang.NullPointerException; null
10:22:50; 22/11/11; mouse goes off drawpanel; at line 144 of InternalDrawFrame--	java.lang.NullPointerException; null
10:22:50; 22/11/11; mouse goes off drawpanel; at line 144 of InternalDrawFrame--	java.lang.NullPointerException; null
10:24:54; 22/11/11; mouse goes off drawpanel; at line 144 of InternalDrawFrame--	java.lang.NullPointerException; null
10:24:54; 22/11/11; mouse goes off drawpanel; at line 144 of InternalDrawFrame--	java.lang.NullPointerException; null
10:24:54; 22/11/11; mouse goes off drawpanel; at line 144 of InternalDrawFrame--	java.lang.NullPointerException; null
10:24:54; 22/11/11; mouse goes off drawpanel; at line 144 of InternalDrawFrame--	java.lang.NullPointerException; null
10:24:54; 22/11/11; mouse goes off drawpanel; at line 144 of InternalDrawFrame--	java.lang.NullPointerException; null
10:24:54; 22/11/11; mouse goes off drawpanel; at line 144 of InternalDrawFrame--	java.lang.NullPointerException; null
10:24:54; 22/11/11; mouse goes off drawpanel; at line 144 of InternalDrawFrame--	java.lang.NullPointerException; null
10:24:54; 22/11/11; mouse goes off drawpanel; at line 144 of InternalDrawFrame--	java.lang.NullPointerException; null
10:24:54; 22/11/11; mouse goes off drawpanel; at line 144 of InternalDrawFrame--	java.lang.NullPointerException; null
10:24:54; 22/11/11; mouse goes off drawpanel; at line 144 of InternalDrawFrame--	java.lang.NullPointerException; null
10:24:55; 22/11/11; mouse goes off drawpanel; at line 144 of InternalDrawFrame--	java.lang.NullPointerException; null
10:24:55; 22/11/11; mouse goes off drawpanel; at line 144 of InternalDrawFrame--	java.lang.NullPointerException; null
10:24:55; 22/11/11; mouse goes off drawpanel; at line 144 of InternalDrawFrame--	java.lang.NullPointerException; null
10:24:55; 22/11/11; mouse goes off drawpanel; at line 144 of InternalDrawFrame--	java.lang.NullPointerException; null
10:24:55; 22/11/11; mouse goes off drawpanel; at line 144 of InternalDrawFrame--	java.lang.NullPointerException; null
10:24:55; 22/11/11; mouse goes off drawpanel; at line 144 of InternalDrawFrame--	java.lang.NullPointerException; null
10:24:55; 22/11/11; mouse goes off drawpanel; at line 144 of InternalDrawFrame--	java.lang.NullPointerException; null
10:24:55; 22/11/11; mouse goes off drawpanel; at line 144 of InternalDrawFrame--	java.lang.NullPointerException; null
10:24:55; 22/11/11; mouse goes off drawpanel; at line 144 of InternalDrawFrame--	java.lang.NullPointerException; null
10:24:55; 22/11/11; mouse goes off drawpanel; at line 144 of InternalDrawFrame--	java.lang.NullPointerException; null
10:24:55; 22/11/11; mouse goes off drawpanel; at line 144 of InternalDrawFrame--	java.lang.NullPointerException; null
10:24:55; 22/11/11; mouse goes off drawpanel; at line 144 of InternalDrawFrame--	java.lang.NullPointerException; null
10:24:55; 22/11/11; mouse goes off drawpanel; at line 144 of InternalDrawFrame--	java.lang.NullPointerException; null
10:24:55; 22/11/11; mouse goes off drawpanel; at line 144 of InternalDrawFrame--	java.lang.NullPointerException; null
10:24:55; 22/11/11; mouse goes off drawpanel; at line 144 of InternalDrawFrame--	java.lang.NullPointerException; null
10:24:55; 22/11/11; mouse goes off drawpanel; at line 144 of InternalDrawFrame--	java.lang.NullPointerException; null
10:24:56; 22/11/11; mouse goes off drawpanel; at line 144 of InternalDrawFrame--	java.lang.NullPointerException; null
10:24:56; 22/11/11; mouse goes off drawpanel; at line 144 of InternalDrawFrame--	java.lang.NullPointerException; null
10:24:56; 22/11/11; mouse goes off drawpanel; at line 144 of InternalDrawFrame--	java.lang.NullPointerException; null
10:24:56; 22/11/11; mouse goes off drawpanel; at line 144 of InternalDrawFrame--	java.lang.NullPointerException; null
10:24:56; 22/11/11; mouse goes off drawpanel; at line 144 of InternalDrawFrame--	java.lang.NullPointerException; null
10:24:56; 22/11/11; mouse goes off drawpanel; at line 144 of InternalDrawFrame--	java.lang.NullPointerException; null
10:24:56; 22/11/11; mouse goes off drawpanel; at line 144 of InternalDrawFrame--	java.lang.NullPointerException; null
10:24:56; 22/11/11; mouse goes off drawpanel; at line 144 of InternalDrawFrame--	java.lang.NullPointerException; null
10:24:56; 22/11/11; mouse goes off drawpanel; at line 144 of InternalDrawFrame--	java.lang.NullPointerException; null
10:24:56; 22/11/11; mouse goes off drawpanel; at line 144 of InternalDrawFrame--	java.lang.NullPointerException; null
10:24:56; 22/11/11; mouse goes off drawpanel; at line 144 of InternalDrawFrame--	java.lang.NullPointerException; null
10:24:56; 22/11/11; mouse goes off drawpanel; at line 144 of InternalDrawFrame--	java.lang.NullPointerException; null
10:24:56; 22/11/11; mouse goes off drawpanel; at line 144 of InternalDrawFrame--	java.lang.NullPointerException; null
10:24:56; 22/11/11; mouse goes off drawpanel; at line 144 of InternalDrawFrame--	java.lang.NullPointerException; null
10:24:56; 22/11/11; mouse goes off drawpanel; at line 144 of InternalDrawFrame--	java.lang.NullPointerException; null
10:24:56; 22/11/11; mouse goes off drawpanel; at line 144 of InternalDrawFrame--	java.lang.NullPointerException; null
10:24:57; 22/11/11; mouse goes off drawpanel; at line 144 of InternalDrawFrame--	java.lang.NullPointerException; null
10:24:57; 22/11/11; mouse goes off drawpanel; at line 144 of InternalDrawFrame--	java.lang.NullPointerException; null
10:24:57; 22/11/11; mouse goes off drawpanel; at line 144 of InternalDrawFrame--	java.lang.NullPointerException; null
10:24:57; 22/11/11; mouse goes off drawpanel; at line 144 of InternalDrawFrame--	java.lang.NullPointerException; null
10:24:57; 22/11/11; mouse goes off drawpanel; at line 144 of InternalDrawFrame--	java.lang.NullPointerException; null
10:24:57; 22/11/11; mouse goes off drawpanel; at line 144 of InternalDrawFrame--	java.lang.NullPointerException; null
10:24:57; 22/11/11; mouse goes off drawpanel; at line 144 of InternalDrawFrame--	java.lang.NullPointerException; null
10:24:57; 22/11/11; mouse goes off drawpanel; at line 144 of InternalDrawFrame--	java.lang.NullPointerException; null
10:24:57; 22/11/11; mouse goes off drawpanel; at line 144 of InternalDrawFrame--	java.lang.NullPointerException; null
10:24:57; 22/11/11; mouse goes off drawpanel; at line 144 of InternalDrawFrame--	java.lang.NullPointerException; null
10:24:57; 22/11/11; mouse goes off drawpanel; at line 144 of InternalDrawFrame--	java.lang.NullPointerException; null
10:24:57; 22/11/11; mouse goes off drawpanel; at line 144 of InternalDrawFrame--	java.lang.NullPointerException; null
10:24:57; 22/11/11; mouse goes off drawpanel; at line 144 of InternalDrawFrame--	java.lang.NullPointerException; null
10:24:57; 22/11/11; mouse goes off drawpanel; at line 144 of InternalDrawFrame--	java.lang.NullPointerException; null
10:24:58; 22/11/11; mouse goes off drawpanel; at line 144 of InternalDrawFrame--	java.lang.NullPointerException; null
10:24:58; 22/11/11; mouse goes off drawpanel; at line 144 of InternalDrawFrame--	java.lang.NullPointerException; null
10:24:58; 22/11/11; mouse goes off drawpanel; at line 144 of InternalDrawFrame--	java.lang.NullPointerException; null
10:24:58; 22/11/11; mouse goes off drawpanel; at line 144 of InternalDrawFrame--	java.lang.NullPointerException; null
10:24:58; 22/11/11; mouse goes off drawpanel; at line 144 of InternalDrawFrame--	java.lang.NullPointerException; null
10:24:58; 22/11/11; mouse goes off drawpanel; at line 144 of InternalDrawFrame--	java.lang.NullPointerException; null
10:24:58; 22/11/11; mouse goes off drawpanel; at line 144 of InternalDrawFrame--	java.lang.NullPointerException; null
10:24:58; 22/11/11; mouse goes off drawpanel; at line 144 of InternalDrawFrame--	java.lang.NullPointerException; null
10:24:58; 22/11/11; mouse goes off drawpanel; at line 144 of InternalDrawFrame--	java.lang.NullPointerException; null
10:24:58; 22/11/11; mouse goes off drawpanel; at line 144 of InternalDrawFrame--	java.lang.NullPointerException; null
10:24:58; 22/11/11; mouse goes off drawpanel; at line 144 of InternalDrawFrame--	java.lang.NullPointerException; null
10:24:58; 22/11/11; mouse goes off drawpanel; at line 144 of InternalDrawFrame--	java.lang.NullPointerException; null
10:24:58; 22/11/11; mouse goes off drawpanel; at line 144 of InternalDrawFrame--	java.lang.NullPointerException; null
10:24:59; 22/11/11; mouse goes off drawpanel; at line 144 of InternalDrawFrame--	java.lang.NullPointerException; null
10:24:59; 22/11/11; mouse goes off drawpanel; at line 144 of InternalDrawFrame--	java.lang.NullPointerException; null
10:24:59; 22/11/11; mouse goes off drawpanel; at line 144 of InternalDrawFrame--	java.lang.NullPointerException; null
10:24:59; 22/11/11; mouse goes off drawpanel; at line 144 of InternalDrawFrame--	java.lang.NullPointerException; null
10:24:59; 22/11/11; mouse goes off drawpanel; at line 144 of InternalDrawFrame--	java.lang.NullPointerException; null
10:24:59; 22/11/11; mouse goes off drawpanel; at line 144 of InternalDrawFrame--	java.lang.NullPointerException; null
10:24:59; 22/11/11; mouse goes off drawpanel; at line 144 of InternalDrawFrame--	java.lang.NullPointerException; null
10:24:59; 22/11/11; mouse goes off drawpanel; at line 144 of InternalDrawFrame--	java.lang.NullPointerException; null
10:24:59; 22/11/11; mouse goes off drawpanel; at line 144 of InternalDrawFrame--	java.lang.NullPointerException; null
10:24:59; 22/11/11; mouse goes off drawpanel; at line 144 of InternalDrawFrame--	java.lang.NullPointerException; null
10:24:59; 22/11/11; mouse goes off drawpanel; at line 144 of InternalDrawFrame--	java.lang.NullPointerException; null
10:24:59; 22/11/11; mouse goes off drawpanel; at line 144 of InternalDrawFrame--	java.lang.NullPointerException; null
10:25:0; 22/11/11; mouse goes off drawpanel; at line 144 of InternalDrawFrame--	java.lang.NullPointerException; null
10:25:0; 22/11/11; mouse goes off drawpanel; at line 144 of InternalDrawFrame--	java.lang.NullPointerException; null
10:25:0; 22/11/11; mouse goes off drawpanel; at line 144 of InternalDrawFrame--	java.lang.NullPointerException; null
10:25:0; 22/11/11; mouse goes off drawpanel; at line 144 of InternalDrawFrame--	java.lang.NullPointerException; null
10:25:0; 22/11/11; mouse goes off drawpanel; at line 144 of InternalDrawFrame--	java.lang.NullPointerException; null
10:25:0; 22/11/11; mouse goes off drawpanel; at line 144 of InternalDrawFrame--	java.lang.NullPointerException; null
10:25:0; 22/11/11; mouse goes off drawpanel; at line 144 of InternalDrawFrame--	java.lang.NullPointerException; null
10:25:0; 22/11/11; mouse goes off drawpanel; at line 144 of InternalDrawFrame--	java.lang.NullPointerException; null
10:25:0; 22/11/11; mouse goes off drawpanel; at line 144 of InternalDrawFrame--	java.lang.NullPointerException; null
10:25:0; 22/11/11; mouse goes off drawpanel; at line 144 of InternalDrawFrame--	java.lang.NullPointerException; null
10:25:0; 22/11/11; mouse goes off drawpanel; at line 144 of InternalDrawFrame--	java.lang.NullPointerException; null
10:25:0; 22/11/11; mouse goes off drawpanel; at line 144 of InternalDrawFrame--	java.lang.NullPointerException; null
10:25:0; 22/11/11; mouse goes off drawpanel; at line 144 of InternalDrawFrame--	java.lang.NullPointerException; null
10:25:1; 22/11/11; mouse goes off drawpanel; at line 144 of InternalDrawFrame--	java.lang.NullPointerException; null
10:25:1; 22/11/11; mouse goes off drawpanel; at line 144 of InternalDrawFrame--	java.lang.NullPointerException; null
10:25:1; 22/11/11; mouse goes off drawpanel; at line 144 of InternalDrawFrame--	java.lang.NullPointerException; null
10:25:1; 22/11/11; mouse goes off drawpanel; at line 144 of InternalDrawFrame--	java.lang.NullPointerException; null
10:25:1; 22/11/11; mouse goes off drawpanel; at line 144 of InternalDrawFrame--	java.lang.NullPointerException; null
10:25:1; 22/11/11; mouse goes off drawpanel; at line 144 of InternalDrawFrame--	java.lang.NullPointerException; null
10:25:1; 22/11/11; mouse goes off drawpanel; at line 144 of InternalDrawFrame--	java.lang.NullPointerException; null
10:25:1; 22/11/11; mouse goes off drawpanel; at line 144 of InternalDrawFrame--	java.lang.NullPointerException; null
10:25:1; 22/11/11; mouse goes off drawpanel; at line 144 of InternalDrawFrame--	java.lang.NullPointerException; null
10:25:1; 22/11/11; mouse goes off drawpanel; at line 144 of InternalDrawFrame--	java.lang.NullPointerException; null
10:25:1; 22/11/11; mouse goes off drawpanel; at line 144 of InternalDrawFrame--	java.lang.NullPointerException; null
10:25:1; 22/11/11; mouse goes off drawpanel; at line 144 of InternalDrawFrame--	java.lang.NullPointerException; null
10:25:1; 22/11/11; mouse goes off drawpanel; at line 144 of InternalDrawFrame--	java.lang.NullPointerException; null
10:25:2; 22/11/11; mouse goes off drawpanel; at line 144 of InternalDrawFrame--	java.lang.NullPointerException; null
10:25:2; 22/11/11; mouse goes off drawpanel; at line 144 of InternalDrawFrame--	java.lang.NullPointerException; null
10:25:2; 22/11/11; mouse goes off drawpanel; at line 144 of InternalDrawFrame--	java.lang.NullPointerException; null
10:25:2; 22/11/11; mouse goes off drawpanel; at line 144 of InternalDrawFrame--	java.lang.NullPointerException; null
10:25:2; 22/11/11; mouse goes off drawpanel; at line 144 of InternalDrawFrame--	java.lang.NullPointerException; null
10:25:2; 22/11/11; mouse goes off drawpanel; at line 144 of InternalDrawFrame--	java.lang.NullPointerException; null
10:25:2; 22/11/11; mouse goes off drawpanel; at line 144 of InternalDrawFrame--	java.lang.NullPointerException; null
10:25:2; 22/11/11; mouse goes off drawpanel; at line 144 of InternalDrawFrame--	java.lang.NullPointerException; null
10:25:2; 22/11/11; mouse goes off drawpanel; at line 144 of InternalDrawFrame--	java.lang.NullPointerException; null
10:2
0:10:50; 24/11/11; mouse goes off drawpanel; at line 144 of InternalDrawFrame--	java.lang.NullPointerException; null5:2; 22/11/11; mouse goes off drawpanel; at line 144 of InternalDrawFrame--	java.lang.NullPointerException; null
10:25:3; 22/11/11; mouse goes off drawpanel; at line 144 of InternalDrawFrame--	java.lang.NullPointerException; null
10:25:3; 22/11/11; mouse goes off drawpanel; at line 144 of InternalDrawFrame--	java.lang.NullPointerException; null
10:25:3; 22/11/11; mouse goes off drawpanel; at line 144 of InternalDrawFrame--	java.lang.NullPointerException; null
10:25:3; 22/11/11; mouse goes off drawpanel; at line 144 of InternalDrawFrame--	java.lang.NullPointerException; null
10:25:3; 22/11/11; mouse goes off drawpanel; at line 144 of InternalDrawFrame--	java.lang.NullPointerException; null
10:25:3; 22/11/11; mouse goes off drawpanel; at line 144 of InternalDrawFrame--	java.lang.NullPointerException; null
10:25:3; 22/11/11; mouse goes off drawpanel; at line 144 of InternalDrawFrame--	java.lang.NullPointerException; null
10:25:3; 22/11/11; mouse goes off drawpanel; at line 144 of InternalDrawFrame--	java.lang.NullPointerException; null
10:25:3; 22/11/11; mouse goes off drawpanel; at line 144 of InternalDrawFrame--	java.lang.NullPointerException; null
10:25:3; 22/11/11; mouse goes off drawpanel; at line 144 of InternalDrawFrame--	java.lang.NullPointerException; null
10:25:3; 22/11/11; mouse goes off drawpanel; at line 144 of InternalDrawFrame--	java.lang.NullPointerException; null
10:25:4; 22/11/11; mouse goes off drawpanel; at line 144 of InternalDrawFrame--	java.lang.NullPointerException; null
10:25:4; 22/11/11; mouse goes off drawpanel; at line 144 of InternalDrawFrame--	java.lang.NullPointerException; null
10:25:4; 22/11/11; mouse goes off drawpanel; at line 144 of InternalDrawFrame--	java.lang.NullPointerException; null
10:25:4; 22/11/11; mouse goes off drawpanel; at line 144 of InternalDrawFrame--	java.lang.NullPointerException; null
10:25:4; 22/11/11; mouse goes off drawpanel; at line 144 of InternalDrawFrame--	java.lang.NullPointerException; null
10:25:4; 22/11/11; mouse goes off drawpanel; at line 144 of InternalDrawFrame--	java.lang.NullPointerException; null
10:25:4; 22/11/11; mouse goes off drawpanel; at line 144 of InternalDrawFrame--	java.lang.NullPointerException; null
10:25:4; 22/11/11; mouse goes off drawpanel; at line 144 of InternalDrawFrame--	java.lang.NullPointerException; null
10:25:4; 22/11/11; mouse goes off drawpanel; at line 144 of InternalDrawFrame--	java.lang.NullPointerException; null
10:25:4; 22/11/11; mouse goes off drawpanel; at line 144 of InternalDrawFrame--	java.lang.NullPointerException; null
10:25:4; 22/11/11; mouse goes off drawpanel; at line 144 of InternalDrawFrame--	java.lang.NullPointerException; null
10:25:4; 22/11/11; mouse goes off drawpanel; at line 144 of InternalDrawFrame--	java.lang.NullPointerException; null
10:25:5; 22/11/11; mouse goes off drawpanel; at line 144 of InternalDrawFrame--	java.lang.NullPointerException; null
10:25:5; 22/11/11; mouse goes off drawpanel; at line 144 of InternalDrawFrame--	java.lang.NullPointerException; null
10:25:5; 22/11/11; mouse goes off drawpanel; at line 144 of InternalDrawFrame--	java.lang.NullPointerException; null
10:25:5; 22/11/11; mouse goes off drawpanel; at line 144 of InternalDrawFrame--	java.lang.NullPointerException; null
10:25:5; 22/11/11; mouse goes off drawpanel; at line 144 of InternalDrawFrame--	java.lang.NullPointerException; null
10:25:5; 22/11/11; mouse goes off drawpanel; at line 144 of InternalDrawFrame--	java.lang.NullPointerException; null
10:25:5; 22/11/11; mouse goes off drawpanel; at line 144 of InternalDrawFrame--	java.lang.NullPointerException; null
10:25:5; 22/11/11; mouse goes off drawpanel; at line 144 of InternalDrawFrame--	java.lang.NullPointerException; null
10:25:5; 22/11/11; mouse goes off drawpanel; at line 144 of InternalDrawFrame--	java.lang.NullPointerException; null
10:25:6; 22/11/11; mouse goes off drawpanel; at line 144 of InternalDrawFrame--	java.lang.NullPointerException; null
10:25:6; 22/11/11; mouse goes off drawpanel; at line 144 of InternalDrawFrame--	java.lang.NullPointerException; null
10:25:6; 22/11/11; mouse goes off drawpanel; at line 144 of InternalDrawFrame--	java.lang.NullPointerException; null
10:25:6; 22/11/11; mouse goes off drawpanel; at line 144 of InternalDrawFrame--	java.lang.NullPointerException; null
10:25:6; 22/11/11; mouse goes off drawpanel; at line 144 of InternalDrawFrame--	java.lang.NullPointerException; null
10:25:6; 22/11/11; mouse goes off drawpanel; at line 144 of InternalDrawFrame--	java.lang.NullPointerException; null
10:25:6; 22/11/11; mouse goes off drawpanel; at line 144 of InternalDrawFrame--	java.lang.NullPointerException; null
10:25:6; 22/11/11; mouse goes off drawpanel; at line 144 of InternalDrawFrame--	java.lang.NullPointerException; null
10:25:6; 22/11/11; mouse goes off drawpanel; at line 144 of InternalDrawFrame--	java.lang.NullPointerException; null
10:25:6; 22/11/11; mouse goes off drawpanel; at line 144 of InternalDrawFrame--	java.lang.NullPointerException; null
10:25:6; 22/11/11; mouse goes off drawpanel; at line 144 of InternalDrawFrame--	java.lang.NullPointerException; null
10:25:6; 22/11/11; mouse goes off drawpanel; at line 144 of InternalDrawFrame--	java.lang.NullPointerException; null
10:25:7; 22/11/11; mouse goes off drawpanel; at line 144 of InternalDrawFrame--	java.lang.NullPointerException; null
10:25:7; 22/11/11; mouse goes off drawpanel; at line 144 of InternalDrawFrame--	java.lang.NullPointerException; null
10:25:7; 22/11/11; mouse goes off drawpanel; at line 144 of InternalDrawFrame--	java.lang.NullPointerException; null
10:25:7; 22/11/11; mouse goes off drawpanel; at line 144 of InternalDrawFrame--	java.lang.NullPointerException; null
10:25:7; 22/11/11; mouse goes off drawpanel; at line 144 of InternalDrawFrame--	java.lang.NullPointerException; null
10:25:7; 22/11/11; mouse goes off drawpanel; at line 144 of InternalDrawFrame--	java.lang.NullPointerException; null
10:25:7; 22/11/11; mouse goes off drawpanel; at line 144 of InternalDrawFrame--	java.lang.NullPointerException; null
10:25:7; 22/11/11; mouse goes off drawpanel; at line 144 of InternalDrawFrame--	java.lang.NullPointerException; null
10:25:7; 22/11/11; mouse goes off drawpanel; at line 144 of InternalDrawFrame--	java.lang.NullPointerException; null
10:25:7; 22/11/11; mouse goes off drawpanel; at line 144 of InternalDrawFrame--	java.lang.NullPointerException; null
10:25:7; 22/11/11; mouse goes off drawpanel; at line 144 of InternalDrawFrame--	java.lang.NullPointerException; null
10:25:8; 22/11/11; mouse goes off drawpanel; at line 144 of InternalDrawFrame--	java.lang.NullPointerException; null
10:25:8; 22/11/11; mouse goes off drawpanel; at line 144 of InternalDrawFrame--	java.lang.NullPointerException; null
10:25:8; 22/11/11; mouse goes off drawpanel; at line 144 of InternalDrawFrame--	java.lang.NullPointerException; null
10:25:8; 22/11/11; mouse goes off drawpanel; at line 144 of InternalDrawFrame--	java.lang.NullPointerException; null
10:25:8; 22/11/11; mouse goes off drawpanel; at line 144 of InternalDrawFrame--	java.lang.NullPointerException; null
10:25:8; 22/11/11; mouse goes off drawpanel; at line 144 of InternalDrawFrame--	java.lang.NullPointerException; null
10:25:8; 22/11/11; mouse goes off drawpanel; at line 144 of InternalDrawFrame--	java.lang.NullPointerException; null
10:25:8; 22/11/11; mouse goes off drawpanel; at line 144 of InternalDrawFrame--	java.lang.NullPointerException; null
10:25:8; 22/11/11; mouse goes off drawpanel; at line 144 of InternalDrawFrame--	java.lang.NullPointerException; null
10:25:8; 22/11/11; mouse goes off drawpanel; at line 144 of InternalDrawFrame--	java.lang.NullPointerException; null
10:25:8; 22/11/11; mouse goes off drawpanel; at line 144 of InternalDrawFrame--	java.lang.NullPointerException; null
10:25:8; 22/11/11; mouse goes off drawpanel; at line 144 of InternalDrawFrame--	java.lang.NullPointerException; null
10:25:9; 22/11/11; mouse goes off drawpanel; at line 144 of InternalDrawFrame--	java.lang.NullPointerException; null
10:25:9; 22/11/11; mouse goes off drawpanel; at line 144 of InternalDrawFrame--	java.lang.NullPointerException; null
10:25:9; 22/11/11; mouse goes off drawpanel; at line 144 of InternalDrawFrame--	java.lang.NullPointerException; null
10:25:9; 22/11/11; mouse goes off drawpanel; at line 144 of InternalDrawFrame--	java.lang.NullPointerException; null
10:25:9; 22/11/11; mouse goes off drawpanel; at line 144 of InternalDrawFrame--	java.lang.NullPointerException; null
10:25:9; 22/11/11; mouse goes off drawpanel; at line 144 of InternalDrawFrame--	java.lang.NullPointerException; null
10:25:9; 22/11/11; mouse goes off drawpanel; at line 144 of InternalDrawFrame--	java.lang.NullPointerException; null
10:25:9; 22/11/11; mouse goes off drawpanel; at line 144 of InternalDrawFrame--	java.lang.NullPointerException; null
10:25:10; 22/11/11; mouse goes off drawpanel; at line 144 of InternalDrawFrame--	java.lang.NullPointerException; null
10:25:10; 22/11/11; mouse goes off drawpanel; at line 144 of InternalDrawFrame--	java.lang.NullPointerException; null
10:25:10; 22/11/11; mouse goes off drawpanel; at line 144 of InternalDrawFrame--	java.lang.NullPointerException; null
10:25:10; 22/11/11; mouse goes off drawpanel; at line 144 of InternalDrawFrame--	java.lang.NullPointerException; null
10:25:10; 22/11/11; mouse goes off drawpanel; at line 144 of InternalDrawFrame--	java.lang.NullPointerException; null
10:25:10; 22/11/11; mouse goes off drawpanel; at line 144 of InternalDrawFrame--	java.lang.NullPointerException; null
10:25:10; 22/11/11; mouse goes off drawpanel; at line 144 of InternalDrawFrame--	java.lang.NullPointerException; null
10:25:10; 22/11/11; mouse goes off drawpanel; at line 144 of InternalDrawFrame--	java.lang.NullPointerException; null
10:25:10; 22/11/11; mouse goes off drawpanel; at line 144 of InternalDrawFrame--	java.lang.NullPointerException; null
10:25:10; 22/11/11; mouse goes off drawpanel; at line 144 of InternalDrawFrame--	java.lang.NullPointerException; null
10:25:10; 22/11/11; mouse goes off drawpanel; at line 144 of InternalDrawFrame--	java.lang.NullPointerException; null
10:25:10; 22/11/11; mouse goes off drawpanel; at line 144 of InternalDrawFrame--	java.lang.NullPointerException; null
10:25:11; 22/11/11; mouse goes off drawpanel; at line 144 of InternalDrawFrame--	java.lang.NullPointerException; null
10:25:11; 22/11/11; mouse goes off drawpanel; at line 144 of InternalDrawFrame--	java.lang.NullPointerException; null
10:25:11; 22/11/11; mouse goes off drawpanel; at line 144 of InternalDrawFrame--	java.lang.NullPointerException; null
10:25:11; 22/11/11; mouse goes off drawpanel; at line 144 of InternalDrawFrame--	java.lang.NullPointerException; null
10:25:11; 22/11/11; mouse goes off drawpanel; at line 144 of InternalDrawFrame--	java.lang.NullPointerException; null
10:25:11; 22/11/11; mouse goes off drawpanel; at line 144 of InternalDrawFrame--	java.lang.NullPointerException; null
10:25:11; 22/11/11; mouse goes off drawpanel; at line 144 of InternalDrawFrame--	java.lang.NullPointerException; null
10:25:12; 22/11/11; mouse goes off drawpanel; at line 144 of InternalDrawFrame--	java.lang.NullPointerException; null
10:25:12; 22/11/11; mouse goes off drawpanel; at line 144 of InternalDrawFrame--	java.lang.NullPointerException; null
10:25:12; 22/11/11; mouse goes off drawpanel; at line 144 of InternalDrawFrame--	java.lang.NullPointerException; null
10:25:12; 22/11/11; mouse goes off drawpanel; at line 144 of InternalDrawFrame--	java.lang.NullPointerException; null
10:25:12; 22/11/11; mouse goes off drawpanel; at line 144 of InternalDrawFrame--	java.lang.NullPointerException; null
10:25:12; 22/11/11; mouse goes off drawpanel; at line 144 of InternalDrawFrame--	java.lang.NullPointerException; null
10:25:12; 22/11/11; mouse goes off drawpanel; at line 144 of InternalDrawFrame--	java.lang.NullPointerException; null
10:25:12; 22/11/11; mouse goes off drawpanel; at line 144 of InternalDrawFrame--	java.lang.NullPointerException; null
10:25:12; 22/11/11; mouse goes off drawpanel; at line 144 of InternalDrawFrame--	java.lang.NullPointerException; null
10:25:12; 22/11/11; mouse goes off drawpanel; at line 144 of InternalDrawFrame--	java.lang.NullPointerException; null
10:25:12; 22/11/11; mouse goes off drawpanel; at line 144 of InternalDrawFrame--	java.lang.NullPointerException; null
10:25:12; 22/11/11; mouse goes off drawpanel; at line 144 of InternalDrawFrame--	java.lang.NullPointerException; null
10:25:13; 22/11/11; mouse goes off drawpanel; at line 144 of InternalDrawFrame--	java.lang.NullPointerException; null
10:25:13; 22/11/11; mouse goes off drawpanel; at line 144 of InternalDrawFrame--	java.lang.NullPointerException; null
10:25:13; 22/11/11; mouse goes off drawpanel; at line 144 of InternalDrawFrame--	java.lang.NullPointerException; null
10:25:13; 22/11/11; mouse goes off drawpanel; at line 144 of InternalDrawFrame--	java.lang.NullPointerException; null
10:25:13; 22/11/11; mouse goes off drawpanel; at line 144 of InternalDrawFrame--	java.lang.NullPointerException; null
10:25:13; 22/11/11; mouse goes off drawpanel; at line 144 of InternalDrawFrame--	java.lang.NullPointerException; null
10:25:13; 22/11/11; mouse goes off drawpanel; at line 144 of InternalDrawFrame--	java.lang.NullPointerException; null
10:25:13; 22/11/11; mouse goes off drawpanel; at line 144 of InternalDrawFrame--	java.lang.NullPointerException; null
10:25:13; 22/11/11; mouse goes off drawpanel; at line 144 of InternalDrawFrame--	java.lang.NullPointerException; null
10:25:13; 22/11/11; mouse goes off drawpanel; at line 144 of InternalDrawFrame--	java.lang.NullPointerException; null
10:25:14; 22/11/11; mouse goes off drawpanel; at line 144 of InternalDrawFrame--	java.lang.NullPointerException; null
10:25:14; 22/11/11; mouse goes off drawpanel; at line 144 of InternalDrawFrame--	java.lang.NullPointerException; null
10:25:14; 22/11/11; mouse goes off drawpanel; at line 144 of InternalDrawFrame--	java.lang.NullPointerException; null
10:25:14; 22/11/11; mouse goes off drawpanel; at line 144 of InternalDrawFrame--	java.lang.NullPointerException; null
10:25:14; 22/11/11; mouse goes off drawpanel; at line 144 of InternalDrawFrame--	java.lang.NullPointerException; null
10:25:14; 22/11/11; mouse goes off drawpanel; at line 144 of InternalDrawFrame--	java.lang.NullPointerException; null
10:25:14; 22/11/11; mouse goes off drawpanel; at line 144 of InternalDrawFrame--	java.lang.NullPointerException; null
10:25:14; 22/11/11; mouse goes off drawpanel; at line 144 of InternalDrawFrame--	java.lang.NullPointerException; null
10:25:14; 22/11/11; mouse goes off drawpanel; at line 144 of InternalDrawFrame--	java.lang.NullPointerException; null
10:25:15; 22/11/11; mouse goes off drawpanel; at line 144 of InternalDrawFrame--	java.lang.NullPointerException; null
10:25:15; 22/11/11; mouse goes off drawpanel; at line 144 of InternalDrawFrame--	java.lang.NullPointerException; null
10:25:15; 22/11/11; mouse goes off drawpanel; at line 144 of InternalDrawFrame--	java.lang.NullPointerException; null
10:25:15; 22/11/11; mouse goes off drawpanel; at line 144 of InternalDrawFrame--	java.lang.NullPointerException; null
10:25:15; 22/11/11; mouse goes off drawpanel; at line 144 of InternalDrawFrame--	java.lang.NullPointerException; null
10:25:15; 22/11/11; mouse goes off drawpanel; at line 144 of InternalDrawFrame--	java.lang.NullPointerException; null
10:25:15; 22/11/11; mouse goes off drawpanel; at line 144 of InternalDrawFrame--	java.lang.NullPointerException; null
10:25:15; 22/11/11; mouse goes off drawpanel; at line 144 of InternalDrawFrame--	java.lang.NullPointerException; null
10:25:15; 22/11/11; mouse goes off drawpanel; at line 144 of InternalDrawFrame--	java.lang.NullPointerException; null
10:25:16; 22/11/11; mouse goes off drawpanel; at line 144 of InternalDrawFrame--	java.lang.NullPointerException; null
10:25:16; 22/11/11; mouse goes off drawpanel; at line 144 of InternalDrawFrame--	java.lang.NullPointerException; null
10:25:16; 22/11/11; mouse goes off drawpanel; at line 144 of InternalDrawFrame--	java.lang.NullPointerException; null
10:25:16; 22/11/11; mouse goes off drawpanel; at line 144 of InternalDrawFrame--	java.lang.NullPointerException; null
10:25:16; 22/11/11; mouse goes off drawpanel; at line 144 of InternalDrawFrame--	java.lang.NullPointerException; null
10:25:16; 22/11/11; mouse goes off drawpanel; at line 144 of InternalDrawFrame--	java.lang.NullPointerException; null
10:25:16; 22/11/11; mouse goes off drawpanel; at line 144 of InternalDrawFrame--	java.lang.NullPointerException; null
10:25:16; 22/11/11; mouse goes off drawpanel; at line 144 of InternalDrawFrame--	java.lang.NullPointerException; null
10:25:16; 22/11/11; mouse goes off drawpanel; at line 144 of InternalDrawFrame--	java.lang.NullPointerException; null
10:25:16; 22/11/11; mouse goes off drawpanel; at line 144 of InternalDrawFrame--	java.lang.NullPointerException; null
10:25:16; 22/11/11; mouse goes off drawpanel; at line 144 of InternalDrawFrame--	java.lang.NullPointerException; null
10:25:17; 22/11/11; mouse goes off drawpanel; at line 144 of InternalDrawFrame--	java.lang.NullPointerException; null
10:25:17; 22/11/11; mouse goes off drawpanel; at line 144 of InternalDrawFrame--	java.lang.NullPointerException; null
10:25:17; 22/11/11; mouse goes off drawpanel; at line 144 of InternalDrawFrame--	java.lang.NullPointerException; null
10:25:17; 22/11/11; mouse goes off drawpanel; at line 144 of InternalDrawFrame--	java.lang.NullPointerException; null
10:25:17; 22/11/11; mouse goes off drawpanel; at line 144 of InternalDrawFrame--	java.lang.NullPointerException; null
10:25:17; 22/11/11; mouse goes off drawpanel; at line 144 of InternalDrawFrame--	java.lang.NullPointerException; null
10:25:17; 22/11/11; mouse goes off drawpanel; at line 144 of InternalDrawFrame--	java.lang.NullPointerException; null
10:25:17; 22/11/11; mouse goes off drawpanel; at line 144 of InternalDrawFrame--	java.lang.NullPointerException; null
10:25:18; 22/11/11; mouse goes off drawpanel; at line 144 of InternalDrawFrame--	java.lang.NullPointerException; null
10:25:18; 22/11/11; mouse goes off drawpanel; at line 144 of InternalDrawFrame--	java.lang.NullPointerException; null
10:25:18; 22/11/11; mouse goes off drawpanel; at line 144 of InternalDrawFrame--	java.lang.NullPointerException; null
10:25:18; 22/11/11; mouse goes off drawpanel; at line 144 of InternalDrawFrame--	java.lang.NullPointerException; null
10:25:18; 22/11/11; mouse goes off drawpanel; at line 144 of InternalDrawFrame--	java.lang.NullPointerException; null
10:25:18; 22/11/11; mouse goes off drawpanel; at line 144 of InternalDrawFrame--	java.lang.NullPointerException; null
10:25:18; 22/11/11; mouse goes off drawpanel; at line 144 of InternalDrawFrame--	java.lang.NullPointerException; null
10:25:18; 22/11/11; mouse goes off drawpanel; at line 144 of InternalDrawFrame--	java.lang.NullPointerException; null
10:25:18; 22/11/11; mouse goes off drawpanel; at line 144 of InternalDrawFrame--	java.lang.NullPointerException; null
10:25:18; 22/11/11; mouse goes off drawpanel; at line 144 of InternalDrawFrame--	java.lang.NullPointerException; null
10:25:19; 22/11/11; mouse goes off drawpanel; at line 144 of InternalDrawFrame--	java.lang.NullPointerException; null
10:25:19; 22/11/11; mouse goes off drawpanel; at line 144 of InternalDrawFrame--	java.lang.NullPointerException; null
10:25:19; 22/11/11; mouse goes off drawpanel; at line 144 of InternalDrawFrame--	java.lang.NullPointerException; null
10:25:19; 22/11/11; mouse goes off drawpanel; at line 144 of InternalDrawFrame--	java.lang.NullPointerException; null
10:25:19; 22/11/11; mouse goes off drawpanel; at line 144 of InternalDrawFrame--	java.lang.NullPointerException; null
10:25:19; 22/11/11; mouse goes off drawpanel; at line 144 of InternalDrawFrame--	java.lang.NullPointerException; null
10:25:19; 22/11/11; mouse goes off drawpanel; at line 144 of InternalDrawFrame--	java.lang.NullPointerException; null
10:25:19; 22/11/11; mouse goes off drawpanel; at line 144 of InternalDrawFrame--	java.lang.NullPointerException; null
10:25:20; 22/11/11; mouse goes off drawpanel; at line 144 of InternalDrawFrame--	java.lang.NullPointerException; null
10:25:20; 22/11/11; mouse goes off drawpanel; at line 144 of InternalDrawFrame--	java.lang.NullPointerException; null
10:25:20; 22/11/11; mouse goes off drawpanel; at line 144 of InternalDrawFrame--	java.lang.NullPointerException; null
10:25:20; 22/11/11; mouse goes off drawpanel; at line 144 of InternalDrawFrame--	java.lang.NullPointerException; null
10:25:20; 22/11/11; mouse goes off drawpanel; at line 144 of InternalDrawFrame--	java.lang.NullPointerException; null
10:25:20; 22/11/11; mouse goes off drawpanel; at line 144 of InternalDrawFrame--	java.lang.NullPointerException; null
10:25:20; 22/11/11; mouse goes off drawpanel; at line 144 of InternalDrawFrame--	java.lang.NullPointerException; null
10:25:20; 22/11/11; mouse goes off drawpanel; at line 144 of InternalDrawFrame--	java.lang.NullPointerException; null
10:25:21; 22/11/11; mouse goes off drawpanel; at line 144 of InternalDrawFrame--	java.lang.NullPointerException; null
10:25:21; 22/11/11; mouse goes off drawpanel; at line 144 of InternalDrawFrame--	java.lang.NullPointerException; null
10:25:21; 22/11/11; mouse goes off drawpanel; at line 144 of InternalDrawFrame--	java.lang.NullPointerException; null
10:25:21; 22/11/11; mouse goes off drawpanel; at line 144 of InternalDrawFrame--	java.lang.NullPointerException; null
10:25:21; 22/11/11; mouse goes off drawpanel; at line 144 of InternalDrawFrame--	java.lang.NullPointerException; null
10:25:21; 22/11/11; mouse goes off drawpanel; at line 144 of InternalDrawFrame--	java.lang.NullPointerException; null
10:25:21; 22/11/11; mouse goes off drawpanel; at line 144 of InternalDrawFrame--	java.lang.NullPointerException; null
10:25:21; 22/11/11; mouse goes off drawpanel; at line 144 of InternalDrawFrame--	java.lang.NullPointerException; null
10:25:21; 22/11/11; mouse goes off drawpanel; at line 144 of InternalDrawFrame--	java.lang.NullPointerException; null
10:25:22; 22/11/11; mouse goes off drawpanel; at line 144 of InternalDrawFrame--	java.lang.NullPointerException; null
10:25:22; 22/11/11; mouse goes off drawpanel; at line 144 of InternalDrawFrame--	java.lang.NullPointerException; null
10:25:22; 22/11/11; mouse goes off drawpanel; at line 144 of InternalDrawFrame--	java.lang.NullPointerException; null
10:25:22; 22/11/11; mouse goes off drawpanel; at line 144 of InternalDrawFrame--	java.lang.NullPointerException; null
10:25:22; 22/11/11; mouse goes off drawpanel; at line 144 of InternalDrawFrame--	java.lang.NullPointerException; null
10:25:22; 22/11/11; mouse goes off drawpanel; at line 144 of InternalDrawFrame--	java.lang.NullPointerException; null
10:25:22; 22/11/11; mouse goes off drawpanel; at line 144 of InternalDrawFrame--	java.lang.NullPointerException; null
10:25:22; 22/11/11; mouse goes off drawpanel; at line 144 of InternalDrawFrame--	java.lang.NullPointerException; null
10:25:23; 22/11/11; mouse goes off drawpanel; at line 144 of InternalDrawFrame--	java.lang.NullPointerException; null
10:25:23; 22/11/11; mouse goes off drawpanel; at line 144 of InternalDrawFrame--	java.lang.NullPointerException; null
10:25:23; 22/11/11; mouse goes off drawpanel; at line 144 of InternalDrawFrame--	java.lang.NullPointerException; null
10:25:23; 22/11/11; mouse goes off drawpanel; at line 144 of InternalDrawFrame--	java.lang.NullPointerException; null
10:25:23; 22/11/11; mouse goes off drawpanel; at line 144 of InternalDrawFrame--	java.lang.NullPointerException; null
10:25:23; 22/11/11; mouse goes off drawpanel; at line 144 of InternalDrawFrame--	java.lang.NullPointerException; null
10:25:23; 22/11/11; mouse goes off drawpanel; at line 144 of InternalDrawFrame--	java.lang.NullPointerException; null
10:25:24; 22/11/11; mouse goes off drawpanel; at line 144 of InternalDrawFrame--	java.lang.NullPointerException; null
10:25:24; 22/11/11; mouse goes off drawpanel; at line 144 of InternalDrawFrame--	java.lang.NullPointerException; null
10:25:24; 22/11/11; mouse goes off drawpanel; at line 144 of InternalDrawFrame--	java.lang.NullPointerException; null
10:25:24; 22/11/11; mouse goes off drawpanel; at line 144 of InternalDrawFrame--	java.lang.NullPointerException; null
10:25:24; 22/11/11; mouse goes off drawpanel; at line 144 of InternalDrawFrame--	java.lang.NullPointerException; null
10:25:24; 22/11/11; mouse goes off drawpanel; at line 144 of InternalDrawFrame--	java.lang.NullPointerException; null
10:25:24; 22/11/11; mouse goes off drawpanel; at line 144 of InternalDrawFrame--	java.lang.NullPointerException; null
10:25:24; 22/11/11; mouse goes off drawpanel; at line 144 of InternalDrawFrame--	java.lang.NullPointerException; null
10:25:24; 22/11/11; mouse goes off drawpanel; at line 144 of InternalDrawFrame--	java.lang.NullPointerException; null
10:25:25; 22/11/11; mouse goes off drawpanel; at line 144 of InternalDrawFrame--	java.lang.NullPointerException; null
10:25:25; 22/11/11; mouse goes off drawpanel; at line 144 of InternalDrawFrame--	java.lang.NullPointerException; null
10:25:25; 22/11/11; mouse goes off drawpanel; at line 144 of InternalDrawFrame--	java.lang.NullPointerException; null
10:25:25; 22/11/11; mouse goes off drawpanel; at line 144 of InternalDrawFrame--	java.lang.NullPointerException; null
10:25:25; 22/11/11; mouse goes off drawpanel; at line 144 of InternalDrawFrame--	java.lang.NullPointerException; null
10:25:25; 22/11/11; mouse goes off drawpanel; at line 144 of InternalDrawFrame--	java.lang.NullPointerException; null
10:25:25; 22/11/11; mouse goes off drawpanel; at line 144 of InternalDrawFrame--	java.lang.NullPointerException; null
10:25:26; 22/11/11; mouse goes off drawpanel; at line 144 of InternalDrawFrame--	java.lang.NullPointerException; null
10:25:26; 22/11/11; mouse goes off drawpanel; at line 144 of InternalDrawFrame--	java.lang.NullPointerException; null
10:25:26; 22/11/11; mouse goes off drawpanel; at line 144 of InternalDrawFrame--	java.lang.NullPointerException; null
10:25:26; 22/11/11; mouse goes off drawpanel; at line 144 of InternalDrawFrame--	java.lang.NullPointerException; null
10:25:26; 22/11/11; mouse goes off drawpanel; at line 144 of InternalDrawFrame--	java.lang.NullPointerException; null
10:25:26; 22/11/11; mouse goes off drawpanel; at line 144 of InternalDrawFrame--	java.lang.NullPointerException; null
10:25:26; 22/11/11; mouse goes off drawpanel; at line 144 of InternalDrawFrame--	java.lang.NullPointerException; null
10:25:26; 22/11/11; mouse goes off drawpanel; at line 144 of InternalDrawFrame--	java.lang.NullPointerException; null
10:25:27; 22/11/11; mouse goes off drawpanel; at line 144 of InternalDrawFrame--	java.lang.NullPointerException; null
10:25:27; 22/11/11; mouse goes off drawpanel; at line 144 of InternalDrawFrame--	java.lang.NullPointerException; null
10:25:27; 22/11/11; mouse goes off drawpanel; at line 144 of InternalDrawFrame--	java.lang.NullPointerException; null
10:25:27; 22/11/11; mouse goes off drawpanel; at line 144 of InternalDrawFrame--	java.lang.NullPointerException; null
10:25:27; 22/11/11; mouse goes off drawpanel; at line 144 of InternalDrawFrame--	java.lang.NullPointerException; null
10:25:27; 22/11/11; mouse goes off drawpanel; at line 144 of InternalDrawFrame--	java.lang.NullPointerException; null
10:25:27; 22/11/11; mouse goes off drawpanel; at line 144 of InternalDrawFrame--	java.lang.NullPointerException; null
10:25:27; 22/11/11; mouse goes off drawpanel; at line 144 of InternalDrawFrame--	java.lang.NullPointerException; null
10:25:27; 22/11/11; mouse goes off drawpanel; at line 144 of InternalDrawFrame--	java.lang.NullPointerException; null
10:25:27; 22/11/11; mouse goes off drawpanel; at line 144 of InternalDrawFrame--	java.lang.NullPointerException; null
10:25:28; 22/11/11; mouse goes off drawpanel; at line 144 of InternalDrawFrame--	java.lang.NullPointerException; null
10:25:28; 22/11/11; mouse goes off drawpanel; at line 144 of InternalDrawFrame--	java.lang.NullPointerException; null
10:25:28; 22/11/11; mouse goes off drawpanel; at line 144 of InternalDrawFrame--	java.lang.NullPointerException; null
10:25:28; 22/11/11; mouse goes off drawpanel; at line 144 of InternalDrawFrame--	java.lang.NullPointerException; null
10:25:28; 22/11/11; mouse goes off drawpanel; at line 144 of InternalDrawFrame--	java.lang.NullPointerException; null
10:25:28; 22/11/11; mouse goes off drawpanel; at line 144 of InternalDrawFrame--	java.lang.NullPointerException; null
10:25:28; 22/11/11; mouse goes off drawpanel; at line 144 of InternalDrawFrame--	java.lang.NullPointerException; null
10:25:28; 22/11/11; mouse goes off drawpanel; at line 144 of InternalDrawFrame--	java.lang.NullPointerException; null
10:25:28; 22/11/11; mouse goes off drawpanel; at line 144 of InternalDrawFrame--	java.lang.NullPointerException; null
10:25:29; 22/11/11; mouse goes off drawpanel; at line 144 of InternalDrawFrame--	java.lang.NullPointerException; null
10:25:29; 22/11/11; mouse goes off drawpanel; at line 144 of InternalDrawFrame--	java.lang.NullPointerException; null
10:25:29; 22/11/11; mouse goes off drawpanel; at line 144 of InternalDrawFrame--	java.lang.NullPointerException; null
10:25:29; 22/11/11; mouse goes off drawpanel; at line 144 of InternalDrawFrame--	java.lang.NullPointerException; null
10:25:29; 22/11/11; mouse goes off drawpanel; at line 144 of InternalDrawFrame--	java.lang.NullPointerException; null
10:25:29; 22/11/11; mouse goes off drawpanel; at line 144 of InternalDrawFrame--	java.lang.NullPointerException; null
10:25:29; 22/11/11; mouse goes off drawpanel; at line 144 of InternalDrawFrame--	java.lang.NullPointerException; null
10:25:30; 22/11/11; mouse goes off drawpanel; at line 144 of InternalDrawFrame--	java.lang.NullPointerException; null
10:25:30; 22/11/11; mouse goes off drawpanel; at line 144 of InternalDrawFrame--	java.lang.NullPointerException; null
10:25:30; 22/11/11; mouse goes off drawpanel; at line 144 of InternalDrawFrame--	java.lang.NullPointerException; null
10:25:30; 22/11/11; mouse goes off drawpanel; at line 144 of InternalDrawFrame--	java.lang.NullPointerException; null
10:25:30; 22/11/11; mouse goes off drawpanel; at line 144 of InternalDrawFrame--	java.lang.NullPointerException; null
10:25:30; 22/11/11; mouse goes off drawpanel; at line 144 of InternalDrawFrame--	java.lang.NullPointerException; null
10:25:30; 22/11/11; mouse goes off drawpanel; at line 144 of InternalDrawFrame--	java.lang.NullPointerException; null
10:25:31; 22/11/11; mouse goes off drawpanel; at line 144 of InternalDrawFrame--	java.lang.NullPointerException; null
10:25:31; 22/11/11; mouse goes off drawpanel; at line 144 of InternalDrawFrame--	java.lang.NullPointerException; null
10:25:31; 22/11/11; mouse goes off drawpanel; at line 144 of InternalDrawFrame--	java.lang.NullPointerException; null
10:25:31; 22/11/11; mouse goes off drawpanel; at line 144 of InternalDrawFrame--	java.lang.NullPointerException; null
10:25:31; 22/11/11; mouse goes off drawpanel; at line 144 of InternalDrawFrame--	java.lang.NullPointerException; null
10:25:31; 22/11/11; mouse goes off drawpanel; at line 144 of InternalDrawFrame--	java.lang.NullPointerException; null
10:25:31; 22/11/11; mouse goes off drawpanel; at line 144 of InternalDrawFrame--	java.lang.NullPointerException; null
10:25:32; 22/11/11; mouse goes off drawpanel; at line 144 of InternalDrawFrame--	java.lang.NullPointerException; null
10:25:32; 22/11/11; mouse goes off drawpanel; at line 144 of InternalDrawFrame--	java.lang.NullPointerException; null
10:25:32; 22/11/11; mouse goes off drawpanel; at line 144 of InternalDrawFrame--	java.lang.NullPointerException; null
10:25:32; 22/11/11; mouse goes off drawpanel; at line 144 of InternalDrawFrame--	java.lang.NullPointerException; null
10:25:32; 22/11/11; mouse goes off drawpanel; at line 144 of InternalDrawFrame--	java.lang.NullPointerException; null
10:25:32; 22/11/11; mouse goes off drawpanel; at line 144 of InternalDrawFrame--	java.lang.NullPointerException; null
10:25:32; 22/11/11; mouse goes off drawpanel; at line 144 of InternalDrawFrame--	java.lang.NullPointerException; null
10:25:32; 22/11/11; mouse goes off drawpanel; at line 144 of InternalDrawFrame--	java.lang.NullPointerException; null
10:25:33; 22/11/11; mouse goes off drawpanel; at line 144 of InternalDrawFrame--	java.lang.NullPointerException; null
10:25:33; 22/11/11; mouse goes off drawpanel; at line 144 of InternalDrawFrame--	java.lang.NullPointerException; null
10:25:33; 22/11/11; mouse goes off drawpanel; at line 144 of InternalDrawFrame--	java.lang.NullPointerException; null
10:25:33; 22/11/11; mouse goes off drawpanel; at line 144 of InternalDrawFrame--	java.lang.NullPointerException; null
10:25:33; 22/11/11; mouse goes off drawpanel; at line 144 of InternalDrawFrame--	java.lang.NullPointerException; null
10:25:33; 22/11/11; mouse goes off drawpanel; at line 144 of InternalDrawFrame--	java.lang.NullPointerException; null
10:25:34; 22/11/11; mouse goes off drawpanel; at line 144 of InternalDrawFrame--	java.lang.NullPointerException; null
10:25:34; 22/11/11; mouse goes off drawpanel; at line 144 of InternalDrawFrame--	java.lang.NullPointerException; null
10:25:34; 22/11/11; mouse goes off drawpanel; at line 144 of InternalDrawFrame--	java.lang.NullPointerException; null
10:25:34; 22/11/11; mouse goes off drawpanel; at line 144 of InternalDrawFrame--	java.lang.NullPointerException; null
10:25:34; 22/11/11; mouse goes off drawpanel; at line 144 of InternalDrawFrame--	java.lang.NullPointerException; null
10:25:34; 22/11/11; mouse goes off drawpanel; at line 144 of InternalDrawFrame--	java.lang.NullPointerException; null
10:25:34; 22/11/11; mouse goes off drawpanel; at line 144 of InternalDrawFrame--	java.lang.NullPointerException; null
10:25:35; 22/11/11; mouse goes off drawpanel; at line 144 of InternalDrawFrame--	java.lang.NullPointerException; null
10:25:35; 22/11/11; mouse goes off drawpanel; at line 144 of InternalDrawFrame--	java.lang.NullPointerException; null
10:25:35; 22/11/11; mouse goes off drawpanel; at line 144 of InternalDrawFrame--	java.lang.NullPointerException; null
10:25:35; 22/11/11; mouse goes off drawpanel; at line 144 of InternalDrawFrame--	java.lang.NullPointerException; null
10:25:35; 22/11/11; mouse goes off drawpanel; at line 144 of InternalDrawFrame--	java.lang.NullPointerException; null
10:25:35; 22/11/11; mouse goes off drawpanel; at line 144 of InternalDrawFrame--	java.lang.NullPointerException; null
10:25:35; 22/11/11; mouse goes off drawpanel; at line 144 of InternalDrawFrame--	java.lang.NullPointerException; null
10:25:35; 22/11/11; mouse goes off drawpanel; at line 144 of InternalDrawFrame--	java.lang.NullPointerException; null
10:25:35; 22/11/11; mouse goes off drawpanel; at line 144 of InternalDrawFrame--	java.lang.NullPointerException; null
10:25:35; 22/11/11; mouse goes off drawpanel; at line 144 of InternalDrawFrame--	java.lang.NullPointerException; null
10:25:36; 22/11/11; mouse goes off drawpanel; at line 144 of InternalDrawFrame--	java.lang.NullPointerException; null
10:25:36; 22/11/11; mouse goes off drawpanel; at line 144 of InternalDrawFrame--	java.lang.NullPointerException; null
10:25:36; 22/11/11; mouse goes off drawpanel; at line 144 of InternalDrawFrame--	java.lang.NullPointerException; null
10:25:36; 22/11/11; mouse goes off drawpanel; at line 144 of InternalDrawFrame--	java.lang.NullPointerException; null
10:25:36; 22/11/11; mouse goes off drawpanel; at line 144 of InternalDrawFrame--	java.lang.NullPointerException; null
10:25:36; 22/11/11; mouse goes off drawpanel; at line 144 of InternalDrawFrame--	java.lang.NullPointerException; null
10:25:37; 22/11/11; mouse goes off drawpanel; at line 144 of InternalDrawFrame--	java.lang.NullPointerException; null
10:25:37; 22/11/11; mouse goes off drawpanel; at line 144 of InternalDrawFrame--	java.lang.NullPointerException; null
10:25:37; 22/11/11; mouse goes off drawpanel; at line 144 of InternalDrawFrame--	java.lang.NullPointerException; null
10:25:37; 22/11/11; mouse goes off drawpanel; at line 144 of InternalDrawFrame--	java.lang.NullPointerException; null
10:25:37; 22/11/11; mouse goes off drawpanel; at line 144 of InternalDrawFrame--	java.lang.NullPointerException; null
10:25:37; 22/11/11; mouse goes off drawpanel; at line 144 of InternalDrawFrame--	java.lang.NullPointerException; null
10:25:37; 22/11/11; mouse goes off drawpanel; at line 144 of InternalDrawFrame--	java.lang.NullPointerException; null
10:25:38; 22/11/11; mouse goes off drawpanel; at line 144 of InternalDrawFrame--	java.lang.NullPointerException; null
10:25:38; 22/11/11; mouse goes off drawpanel; at line 144 of InternalDrawFrame--	java.lang.NullPointerException; null
10:25:38; 22/11/11; mouse goes off drawpanel; at line 144 of InternalDrawFrame--	java.lang.NullPointerException; null
10:25:38; 22/11/11; mouse goes off drawpanel; at line 144 of InternalDrawFrame--	java.lang.NullPointerException; null
10:25:38; 22/11/11; mouse goes off drawpanel; at line 144 of InternalDrawFrame--	java.lang.NullPointerException; null
10:25:38; 22/11/11; mouse goes off drawpanel; at line 144 of InternalDrawFrame--	java.lang.NullPointerException; null
10:25:38; 22/11/11; mouse goes off drawpanel; at line 144 of InternalDrawFrame--	java.lang.NullPointerException; null
10:25:38; 22/11/11; mouse goes off drawpanel; at line 144 of InternalDrawFrame--	java.lang.NullPointerException; null
10:25:39; 22/11/11; mouse goes off drawpanel; at line 144 of InternalDrawFrame--	java.lang.NullPointerException; null
10:25:39; 22/11/11; mouse goes off drawpanel; at line 144 of InternalDrawFrame--	java.lang.NullPointerException; null
10:25:39; 22/11/11; mouse goes off drawpanel; at line 144 of InternalDrawFrame--	java.lang.NullPointerException; null
10:25:39; 22/11/11; mouse goes off drawpanel; at line 144 of InternalDrawFrame--	java.lang.NullPointerException; null
10:27:59; 22/11/11; mouse goes off drawpanel; at line 144 of InternalDrawFrame--	java.lang.NullPointerException; null
10:28:22; 22/11/11; mouse goes off drawpanel; at line 144 of InternalDrawFrame--	java.lang.NullPointerException; null
10:29:35; 22/11/11; mouse goes off drawpanel; at line 144 of InternalDrawFrame--	java.lang.NullPointerException; null
10:35:13; 22/11/11; mouse goes off drawpanel; at line 144 of InternalDrawFrame--	java.lang.NullPointerException; null
10:35:14; 22/11/11; mouse goes off drawpanel; at line 144 of InternalDrawFrame--	java.lang.NullPointerException; null
10:42:16; 22/11/11; mouse goes off drawpanel; at line 144 of InternalDrawFrame--	java.lang.NullPointerException; null
10:42:24; 22/11/11; mouse goes off drawpanel; at line 144 of InternalDrawFrame--	java.lang.NullPointerException; null
10:42:24; 22/11/11; mouse goes off drawpanel; at line 144 of InternalDrawFrame--	java.lang.NullPointerException; null
10:42:25; 22/11/11; mouse goes off drawpanel; at line 144 of InternalDrawFrame--	java.lang.NullPointerException; null
10:42:25; 22/11/11; mouse goes off drawpanel; at line 144 of InternalDrawFrame--	java.lang.NullPointerException; null
10:42:26; 22/11/11; mouse goes off drawpanel; at line 144 of InternalDrawFrame--	java.lang.NullPointerException; null
10:42:26; 22/11/11; mouse goes off drawpanel; at line 144 of InternalDrawFrame--	java.lang.NullPointerException; null
10:42:26; 22/11/11; mouse goes off drawpanel; at line 144 of InternalDrawFrame--	java.lang.NullPointerException; null
10:45:27; 22/11/11; mouse goes off drawpanel; at line 144 of InternalDrawFrame--	java.lang.NullPointerException; null
10:53:16; 22/11/11; mouse goes off drawpanel; at line 144 of InternalDrawFrame--	java.lang.NullPointerException; null
0:0:4; 24/11/11; mouse goes off drawpanel; at line 144 of InternalDrawFrame--	java.lang.NullPointerException; null
0:6:57; 24/11/11; mouse goes off drawpanel; at line 144 of InternalDrawFrame--	java.lang.NullPointerException; null
0:7:40; 24/11/11; mouse goes off drawpanel; at line 144 of InternalDrawFrame--	java.lang.NullPointerException; null
0:8:7; 24/11/11; mouse goes off drawpanel; at line 144 of InternalDrawFrame--	java.lang.NullPointerException; null
0:9:25; 24/11/11; mouse goes off drawpanel; at line 144 of InternalDrawFrame--	java.lang.NullPointerException; null
0:29:7; 24/11/11; mouse goes off drawpanel; at line 144 of InternalDrawFrame--	java.lang.NullPointerException; nulll
0:10:50; 24/11/11; mouse goes off drawpanel; at line 144 of InternalDrawFrame--	java.lang.NullPointerException; null
0:13:32; 24/11/11; mouse goes off drawpanel; at line 144 of InternalDrawFrame--	java.lang.NullPointerException; null
0:14:20; 24/11/11; mouse goes off drawpanel; at line 144 of InternalDrawFrame--	java.lang.NullPointerException; null
0:15:0; 24/11/11; mouse goes off drawpanel; at line 144 of InternalDrawFrame--	java.lang.NullPointerException; null
0:15:11; 24/11/11; mouse goes off drawpanel; at line 144 of InternalDrawFrame--	java.lang.NullPointerException; null
0:15:12; 24/11/11; mouse goes off drawpanel; at line 144 of InternalDrawFrame--	java.lang.NullPointerException; null
0:15:13; 24/11/11; mouse goes off drawpanel; at line 144 of InternalDrawFrame--	java.lang.NullPointerException; null
0:17:49; 24/11/11; mouse goes off drawpanel; at line 144 of InternalDrawFrame--	java.lang.NullPointerException; null
0:17:50; 24/11/11; mouse goes off drawpanel; at line 144 of InternalDrawFrame--	java.lang.NullPointerException; null
0:17:50; 24/11/11; mouse goes off drawpanel; at line 144 of InternalDrawFrame--	java.lang.NullPointerException; null
0:19:7; 24/11/11; mouse goes off drawpanel; at line 144 of InternalDrawFrame--	java.lang.NullPointerException; null
0:19:8; 24/11/11; mouse goes off drawpanel; at line 144 of InternalDrawFrame--	java.lang.NullPointerException; null
0:19:20; 24/11/11; mouse goes off drawpanel; at line 144 of InternalDrawFrame--	java.lang.NullPointerException; null
0:28:38; 24/11/11; mouse goes off drawpanel; at line 144 of InternalDrawFrame--	java.lang.NullPointerException; null
0:29:6; 24/11/11; mouse goes off drawpanel; at line 144 of InternalDrawFrame--	java.lang.NullPointerException; null
0:29:7; 24/11/11; mouse goes off drawpanel; at line 144 of InternalDrawFrame--	java.lang.NullPointerException; null
0:29:7; 24/11/11; mouse goes off drawpanel; at line 144 of InternalDrawFrame--	java.lang.NullPointerException; null
0:31:14; 24/11/11; mouse goes off drawpanel; at line 144 of InternalDrawFrame--	java.lang.NullPointerException; null
8:5:3; 24/11/11; mouse goes off drawpanel; at line 144 of InternalDrawFrame--	java.lang.NullPointerException; null
8:7:8; 24/11/11; mouse goes off drawpanel; at line 144 of InternalDrawFrame--	java.lang.NullPointerException; null
8:7:8; 24/11/11; mouse goes off drawpanel; at line 144 of InternalDrawFrame--	java.lang.NullPointerException; null
8:7:8; 24/11/11; mouse goes off drawpanel; at line 144 of InternalDrawFrame--	java.lang.NullPointerException; null
8:7:8; 24/11/11; mouse goes off drawpanel; at line 144 of InternalDrawFrame--	java.lang.NullPointerException; null
8:7:8; 24/11/11; mouse goes off drawpanel; at line 144 of InternalDrawFrame--	java.lang.NullPointerException; null
8:7:8; 24/11/11; mouse goes off drawpanel; at line 144 of InternalDrawFrame--	java.lang.NullPointerException; null
8:7:8; 24/11/11; mouse goes off drawpanel; at line 144 of InternalDrawFrame--	java.lang.NullPointerException; null
8:7:8; 24/11/11; mouse goes off drawpanel; at line 144 of InternalDrawFrame--	java.lang.NullPointerException; null
8:7:8; 24/11/11; mouse goes off drawpanel; at line 144 of InternalDrawFrame--	java.lang.NullPointerException; null
8:7:8; 24/11/11; mouse goes off drawpanel; at line 144 of InternalDrawFrame--	java.lang.NullPointerException; null
8:7:8; 24/11/11; mouse goes off drawpanel; at line 144 of InternalDrawFrame--	java.lang.NullPointerException; null
8:7:8; 24/11/11; mouse goes off drawpanel; at line 144 of InternalDrawFrame--	java.lang.NullPointerException; null
8:7:8; 24/11/11; mouse goes off drawpanel; at line 144 of InternalDrawFrame--	java.lang.NullPointerException; null
8:7:8; 24/11/11; mouse goes off drawpanel; at line 144 of InternalDrawFrame--	java.lang.NullPointerException; null
8:7:8; 24/11/11; mouse goes off drawpanel; at line 144 of InternalDrawFrame--	java.lang.NullPointerException; null
8:7:9; 24/11/11; mouse goes off drawpanel; at line 144 of InternalDrawFrame--	java.lang.NullPointerException; null
8:7:9; 24/11/11; mouse goes off drawpanel; at line 144 of InternalDrawFrame--	java.lang.NullPointerException; null
8:7:9; 24/11/11; mouse goes off drawpanel; at line 144 of InternalDrawFrame--	java.lang.NullPointerException; null
8:7:9; 24/11/11; mouse goes off drawpanel; at line 144 of InternalDrawFrame--	java.lang.NullPointerException; null
8:7:9; 24/11/11; mouse goes off drawpanel; at line 144 of InternalDrawFrame--	java.lang.NullPointerException; null
9:43:30; 24/11/11; mouse goes off drawpanel; at line 144 of InternalDrawFrame--	java.lang.NullPointerException; null
9:43:30; 24/11/11; mouse goes off drawpanel; at line 144 of InternalDrawFrame--	java.lang.NullPointerException; null
9:43:30; 24/11/11; mouse goes off drawpanel; at line 144 of InternalDrawFrame--	java.lang.NullPointerException; null
9:43:30; 24/11/11; mouse goes off drawpanel; at line 144 of InternalDrawFrame--	java.lang.NullPointerException; null
9:43:30; 24/11/11; mouse goes off drawpanel; at line 144 of InternalDrawFrame--	java.lang.NullPointerException; null
9:43:30; 24/11/11; mouse goes off drawpanel; at line 144 of InternalDrawFrame--	java.lang.NullPointerException; null
9:43:30; 24/11/11; mouse goes off drawpanel; at line 144 of InternalDrawFrame--	java.lang.NullPointerException; null
9:43:30; 24/11/11; mouse goes off drawpanel; at line 144 of InternalDrawFrame--	java.lang.NullPointerException; null
9:43:30; 24/11/11; mouse goes off drawpanel; at line 144 of InternalDrawFrame--	java.lang.NullPointerException; null
9:43:30; 24/11/11; mouse goes off drawpanel; at line 144 of InternalDrawFrame--	java.lang.NullPointerException; null
9:43:30; 24/11/11; mouse goes off drawpanel; at line 144 of InternalDrawFrame--	java.lang.NullPointerException; null
9:43:30; 24/11/11; mouse goes off drawpanel; at line 144 of InternalDrawFrame--	java.lang.NullPointerException; null
9:43:30; 24/11/11; mouse goes off drawpanel; at line 144 of InternalDrawFrame--	java.lang.NullPointerException; null
9:43:30; 24/11/11; mouse goes off drawpanel; at line 144 of InternalDrawFrame--	java.lang.NullPointerException; null
9:43:30; 24/11/11; mouse goes off drawpanel; at line 144 of InternalDrawFrame--	java.lang.NullPointerException; null
9:43:30; 24/11/11; mouse goes off drawpanel; at line 144 of InternalDrawFrame--	java.lang.NullPointerException; null
9:43:30; 24/11/11; mouse goes off drawpanel; at line 144 of InternalDrawFrame--	java.lang.NullPointerException; null
9:43:30; 24/11/11; mouse goes off drawpanel; at line 144 of InternalDrawFrame--	java.lang.NullPointerException; null
9:43:31; 24/11/11; mouse goes off drawpanel; at line 144 of InternalDrawFrame--	java.lang.NullPointerException; null
9:43:31; 24/11/11; mouse goes off drawpanel; at line 144 of InternalDrawFrame--	java.lang.NullPointerException; null
9:43:31; 24/11/11; mouse goes off drawpanel; at line 144 of InternalDrawFrame--	java.lang.NullPointerException; null
9:43:31; 24/11/11; mouse goes off drawpanel; at line 144 of InternalDrawFrame--	java.lang.NullPointerException; null
9:43:31; 24/11/11; mouse goes off drawpanel; at line 144 of InternalDrawFrame--	java.lang.NullPointerException; null
9:43:31; 24/11/11; mouse goes off drawpanel; at line 144 of InternalDrawFrame--	java.lang.NullPointerException; null
9:43:31; 24/11/11; mouse goes off drawpanel; at line 144 of InternalDrawFrame--	java.lang.NullPointerException; null
9:43:31; 24/11/11; mouse goes off drawpanel; at line 144 of InternalDrawFrame--	java.lang.NullPointerException; null
9:43:31; 24/11/11; mouse goes off drawpanel; at line 144 of InternalDrawFrame--	java.lang.NullPointerException; null
9:43:31; 24/11/11; mouse goes off drawpanel; at line 144 of InternalDrawFrame--	java.lang.NullPointerException; null
9:43:31; 24/11/11; mouse goes off drawpanel; at line 144 of InternalDrawFrame--	java.lang.NullPointerException; null
9:43:31; 24/11/11; mouse goes off drawpanel; at line 144 of InternalDrawFrame--	java.lang.NullPointerException; null
9:43:31; 24/11/11; mouse goes off drawpanel; at line 144 of InternalDrawFrame--	java.lang.NullPointerException; null
9:43:31; 24/11/11; mouse goes off drawpanel; at line 144 of InternalDrawFrame--	java.lang.NullPointerException; null
9:43:31; 24/11/11; mouse goes off drawpanel; at line 144 of InternalDrawFrame--	java.lang.NullPointerException; null
9:43:31; 24/11/11; mouse goes off drawpanel; at line 144 of InternalDrawFrame--	java.lang.NullPointerException; null
9:43:31; 24/11/11; mouse goes off drawpanel; at line 144 of InternalDrawFrame--	java.lang.NullPointerException; null
9:43:31; 24/11/11; mouse goes off drawpanel; at line 144 of InternalDrawFrame--	java.lang.NullPointerException; null
9:43:31; 24/11/11; mouse goes off drawpanel; at line 144 of InternalDrawFrame--	java.lang.NullPointerException; null
9:43:31; 24/11/11; mouse goes off drawpanel; at line 144 of InternalDrawFrame--	java.lang.NullPointerException; null
9:43:31; 24/11/11; mouse goes off drawpanel; at line 144 of InternalDrawFrame--	java.lang.NullPointerException; null
9:43:31; 24/11/11; mouse goes off drawpanel; at line 144 of InternalDrawFrame--	java.lang.NullPointerException; null
9:43:31; 24/11/11; mouse goes off drawpanel; at line 144 of InternalDrawFrame--	java.lang.NullPointerException; null
9:44:21; 24/11/11; mouse goes off drawpanel; at line 144 of InternalDrawFrame--	java.lang.NullPointerException; null
9:45:7; 24/11/11; mouse goes off drawpanel; at line 144 of InternalDrawFrame--	java.lang.NullPointerException; null
10:11:0; 24/11/11; mouse goes off drawpanel; at line 144 of InternalDrawFrame--	java.lang.NullPointerException; null
10:11:0; 24/11/11; mouse goes off drawpanel; at line 144 of InternalDrawFrame--	java.lang.NullPointerException; null
10:11:0; 24/11/11; mouse goes off drawpanel; at line 144 of InternalDrawFrame--	java.lang.NullPointerException; null
10:11:0; 24/11/11; mouse goes off drawpanel; at line 144 of InternalDrawFrame--	java.lang.NullPointerException; null
10:11:1; 24/11/11; mouse goes off drawpanel; at line 144 of InternalDrawFrame--	java.lang.NullPointerException; null
10:11:1; 24/11/11; mouse goes off drawpanel; at line 144 of InternalDrawFrame--	java.lang.NullPointerException; null
10:11:1; 24/11/11; mouse goes off drawpanel; at line 144 of InternalDrawFrame--	java.lang.NullPointerException; null
10:11:1; 24/11/11; mouse goes off drawpanel; at line 144 of InternalDrawFrame--	java.lang.NullPointerException; null
10:29:41; 24/11/11; mouse goes off drawpanel; at line 144 of InternalDrawFrame--	java.lang.NullPointerException; null
10:29:41; 24/11/11; mouse goes off drawpanel; at line 144 of InternalDrawFrame--	java.lang.NullPointerException; null
10:29:41; 24/11/11; mouse goes off drawpanel; at line 144 of InternalDrawFrame--	java.lang.NullPointerException; null
10:29:41; 24/11/11; mouse goes off drawpanel; at line 144 of InternalDrawFrame--	java.lang.NullPointerException; null
10:29:41; 24/11/11; mouse goes off drawpanel; at line 144 of InternalDrawFrame--	java.lang.NullPointerException; null
10:29:41; 24/11/11; mouse goes off drawpanel; at line 144 of InternalDrawFrame--	java.lang.NullPointerException; null
10:29:41; 24/11/11; mouse goes off drawpanel; at line 144 of InternalDrawFrame--	java.lang.NullPointerException; null
10:29:41; 24/11/11; mouse goes off drawpanel; at line 144 of InternalDrawFrame--	java.lang.NullPointerException; null
10:32:2; 24/11/11; mouse goes off drawpanel; at line 144 of InternalDrawFrame--	java.lang.NullPointerException; null
10:32:2; 24/11/11; mouse goes off drawpanel; at line 144 of InternalDrawFrame--	java.lang.NullPointerException; null
10:32:2; 24/11/11; mouse goes off drawpanel; at line 144 of InternalDrawFrame--	java.lang.NullPointerException; null
10:32:2; 24/11/11; mouse goes off drawpanel; at line 144 of InternalDrawFrame--	java.lang.NullPointerException; null
10:32:2; 24/11/11; mouse goes off drawpanel; at line 144 of InternalDrawFrame--	java.lang.NullPointerException; null
10:32:2; 24/11/11; mouse goes off drawpanel; at line 144 of InternalDrawFrame--	java.lang.NullPointerException; null
10:32:2; 24/11/11; mouse goes off drawpanel; at line 144 of InternalDrawFrame--	java.lang.NullPointerException; null
10:32:2; 24/11/11; mouse goes off drawpanel; at line 144 of InternalDrawFrame--	java.lang.NullPointerException; null
10:32:2; 24/11/11; mouse goes off drawpanel; at line 144 of InternalDrawFrame--	java.lang.NullPointerException; null
10:32:2; 24/11/11; mouse goes off drawpanel; at line 144 of InternalDrawFrame--	java.lang.NullPointerException; null
10:32:7; 24/11/11; mouse goes off drawpanel; at line 144 of InternalDrawFrame--	java.lang.NullPointerException; null
10:32:7; 24/11/11; mouse goes off drawpanel; at line 144 of InternalDrawFrame--	java.lang.NullPointerException; null
10:32:8; 24/11/11; mouse goes off drawpanel; at line 144 of InternalDrawFrame--	java.lang.NullPointerException; null
10:32:8; 24/11/11; mouse goes off drawpanel; at line 144 of InternalDrawFrame--	java.lang.NullPointerException; null
10:32:8; 24/11/11; mouse goes off drawpanel; at line 144 of InternalDrawFrame--	java.lang.NullPointerException; null
10:32:8; 24/11/11; mouse goes off drawpanel; at line 144 of InternalDrawFrame--	java.lang.NullPointerException; null
10:32:8; 24/11/11; mouse goes off drawpanel; at line 144 of InternalDrawFrame--	java.lang.NullPointerException; null
10:32:8; 24/11/11; mouse goes off drawpanel; at line 144 of InternalDrawFrame--	java.lang.NullPointerException; null
10:32:8; 24/11/11; mouse goes off drawpanel; at line 144 of InternalDrawFrame--	java.lang.NullPointerException; null
10:32:8; 24/11/11; mouse goes off drawpanel; at line 144 of InternalDrawFrame--	java.lang.NullPointerException; null
10:32:8; 24/11/11; mouse goes off drawpanel; at line 144 of InternalDrawFrame--	java.lang.NullPointerException; null
10:32:9; 24/11/11; mouse goes off drawpanel; at line 144 of InternalDrawFrame--	java.lang.NullPointerException; null
10:32:9; 24/11/11; mouse goes off drawpanel; at line 144 of InternalDrawFrame--	java.lang.NullPointerException; null
10:32:9; 24/11/11; mouse goes off drawpanel; at line 144 of InternalDrawFrame--	java.lang.NullPointerException; null
10:32:9; 24/11/11; mouse goes off drawpanel; at line 144 of InternalDrawFrame--	java.lang.NullPointerException; null
10:32:9; 24/11/11; mouse goes off drawpanel; at line 144 of InternalDrawFrame--	java.lang.NullPointerException; null
10:32:9; 24/11/11; mouse goes off drawpanel; at line 144 of InternalDrawFrame--	java.lang.NullPointerException; null
10:32:9; 24/11/11; mouse goes off drawpanel; at line 144 of InternalDrawFrame--	java.lang.NullPointerException; null
10:32:9; 24/11/11; mouse goes off drawpanel; at line 144 of InternalDrawFrame--	java.lang.NullPointerException; null
10:32:10; 24/11/11; mouse goes off drawpanel; at line 144 of InternalDrawFrame--	java.lang.NullPointerException; null
10:32:10; 24/11/11; mouse goes off drawpanel; at line 144 of InternalDrawFrame--	java.lang.NullPointerException; null